<?xml version="1.0" encoding="UTF-8"?>
<!-- Generated by org.testng.reporters.JUnitXMLReporter -->
<testsuite hostname="akhilesh-PC" ignored="0" name="Test" tests="3" failures="0" timestamp="14 Apr 2018 21:52:22 GMT" time="22.527" errors="0">
  <testcase name="verifyHomePage" time="0.034" classname="tests.LoginTest"/>
  <testcase name="verifyInvalidLogin" time="4.186" classname="tests.LoginTest"/>
  <testcase name="verifyValidLogin" time="3.197" classname="tests.LoginTest"/>
</testsuite> <!-- Test -->
